DEBUG:parso.python.diff:diff parser start
DEBUG:parso.python.diff:line_lengths old: 1; new: 1
DEBUG:parso.python.diff:-> code[replace] old[1:1] new[1:1]
DEBUG:parso.python.diff:parse_part from 1 to 1 (to 0 in part parser)
DEBUG:parso.python.diff:diff parser end
DEBUG:parso.cache:pickle loaded: /home/johan/.pyenv/versions/3.6.3/lib/python3.6/site-packages/pandas/core/frame.py
WARNING:py.warnings:clip_segmentation.py:85: FutureWarning: Sorting because non-concatenation axis is not aligned. A future version
of pandas will change to not sort by default.

To accept the future behavior, pass 'sort=False'.

To retain the current behavior and silence the warning, pass 'sort=True'.

  pd.concat([_metadata_df, pd.DataFrame(columns=["segmented_clips_path", "segment_time_start", "segment_time_end", "ground_truth"])])

WARNING:py.warnings:clip_segmentation.py:86: FutureWarning: Sorting because non-concatenation axis is not aligned. A future version
of pandas will change to not sort by default.

To accept the future behavior, pass 'sort=False'.

To retain the current behavior and silence the warning, pass 'sort=True'.

  pd.concat([_metadata_df, pd.DataFrame(columns=["segmented_clips_path", "segment_time_start", "segment_time_end", "ground_truth"])])

WARNING:py.warnings:clip_segmentation.py:85: FutureWarning: Sorting because non-concatenation axis is not aligned. A future version
of pandas will change to not sort by default.

To accept the future behavior, pass 'sort=False'.

To retain the current behavior and silence the warning, pass 'sort=True'.

  pd.concat([_metadata_df, pd.DataFrame(columns=["segmented_clips_path", "segment_time_start", "segment_time_end", "ground_truth"])])

WARNING:py.warnings:clip_segmentation.py:85: FutureWarning: Sorting because non-concatenation axis is not aligned. A future version
of pandas will change to not sort by default.

To accept the future behavior, pass 'sort=False'.

To retain the current behavior and silence the warning, pass 'sort=True'.

  pd.concat([_metadata_df, pd.DataFrame(columns=["segmented_clips_path", "segment_time_start", "segment_time_end", "ground_truth"])])

WARNING:py.warnings:clip_segmentation.py:87: FutureWarning: Sorting because non-concatenation axis is not aligned. A future version
of pandas will change to not sort by default.

To accept the future behavior, pass 'sort=False'.

To retain the current behavior and silence the warning, pass 'sort=True'.

  pd.concat([_metadata_df, pd.DataFrame(columns=["segmented_clips_path", "segment_time_start", "segment_time_end", "ground_truth"])])

DEBUG:parso.python.diff:diff parser start
DEBUG:parso.python.diff:line_lengths old: 1; new: 1
DEBUG:parso.python.diff:-> code[replace] old[1:1] new[1:1]
DEBUG:parso.python.diff:parse_part from 1 to 1 (to 0 in part parser)
DEBUG:parso.python.diff:diff parser end
DEBUG:parso.python.diff:diff parser start
DEBUG:parso.python.diff:line_lengths old: 1; new: 1
DEBUG:parso.python.diff:-> code[replace] old[1:1] new[1:1]
DEBUG:parso.python.diff:parse_part from 1 to 1 (to 0 in part parser)
DEBUG:parso.python.diff:diff parser end
DEBUG:parso.cache:pickle loaded: /home/johan/.pyenv/versions/3.6.3/lib/python3.6/site-packages/pandas/core/frame.py
DEBUG:parso.cache:pickle loaded: /home/johan/.pyenv/versions/3.6.3/lib/python3.6/site-packages/pandas/core/frame.py
WARNING:py.warnings:clip_segmentation.py:87: FutureWarning: Sorting because non-concatenation axis is not aligned. A future version
of pandas will change to not sort by default.

To accept the future behavior, pass 'sort=False'.

To retain the current behavior and silence the warning, pass 'sort=True'.

  pd.concat([_metadata_df, pd.DataFrame(columns=["segmented_clips_path", "segment_time_start", "segment_time_end", "ground_truth"])])

WARNING:py.warnings:clip_segmentation.py:83: FutureWarning: Sorting because non-concatenation axis is not aligned. A future version
of pandas will change to not sort by default.

To accept the future behavior, pass 'sort=False'.

To retain the current behavior and silence the warning, pass 'sort=True'.

  pd.concat([_metadata_df, pd.DataFrame(columns=["segmented_clips_path", "segment_time_start", "segment_time_end", "ground_truth"])])

WARNING:py.warnings:clip_segmentation.py:83: FutureWarning: Sorting because non-concatenation axis is not aligned. A future version
of pandas will change to not sort by default.

To accept the future behavior, pass 'sort=False'.

To retain the current behavior and silence the warning, pass 'sort=True'.

  pd.concat([_metadata_df, pd.DataFrame(columns=["segmented_clips_path", "segment_time_start", "segment_time_end", "ground_truth"])])

WARNING:py.warnings:clip_segmentation.py:83: FutureWarning: Sorting because non-concatenation axis is not aligned. A future version
of pandas will change to not sort by default.

To accept the future behavior, pass 'sort=False'.

To retain the current behavior and silence the warning, pass 'sort=True'.

  pd.concat([_metadata_df, pd.DataFrame(columns=["segmented_clips_path", "segment_time_start", "segment_time_end", "ground_truth"])])

DEBUG:parso.python.diff:diff parser start
DEBUG:parso.python.diff:line_lengths old: 1; new: 1
DEBUG:parso.python.diff:-> code[replace] old[1:1] new[1:1]
DEBUG:parso.python.diff:parse_part from 1 to 1 (to 0 in part parser)
DEBUG:parso.python.diff:diff parser end
DEBUG:parso.cache:pickle loaded: /home/johan/.pyenv/versions/3.6.3/lib/python3.6/site-packages/pandas/core/frame.py
WARNING:py.warnings:clip_segmentation.py:1: FutureWarning: Sorting because non-concatenation axis is not aligned. A future version
of pandas will change to not sort by default.

To accept the future behavior, pass 'sort=False'.

To retain the current behavior and silence the warning, pass 'sort=True'.

  """

WARNING:py.warnings:clip_segmentation.py:1: FutureWarning: Sorting because non-concatenation axis is not aligned. A future version
of pandas will change to not sort by default.

To accept the future behavior, pass 'sort=False'.

To retain the current behavior and silence the warning, pass 'sort=True'.

  """

WARNING:py.warnings:clip_segmentation.py:82: FutureWarning: Sorting because non-concatenation axis is not aligned. A future version
of pandas will change to not sort by default.

To accept the future behavior, pass 'sort=False'.

To retain the current behavior and silence the warning, pass 'sort=True'.

  _metadata_df = pd.concat([_metadata_df, pd.DataFrame(columns=["segmented_clips_path", "segment_time_start", "segment_time_end", "ground_truth"])])

WARNING:py.warnings:clip_segmentation.py:82: FutureWarning: Sorting because non-concatenation axis is not aligned. A future version
of pandas will change to not sort by default.

To accept the future behavior, pass 'sort=False'.

To retain the current behavior and silence the warning, pass 'sort=True'.

  _metadata_df = pd.concat([_metadata_df, pd.DataFrame(columns=["segmented_clips_path", "segment_time_start", "segment_time_end", "ground_truth"])])

WARNING:py.warnings:clip_segmentation.py:82: FutureWarning: Sorting because non-concatenation axis is not aligned. A future version
of pandas will change to not sort by default.

To accept the future behavior, pass 'sort=False'.

To retain the current behavior and silence the warning, pass 'sort=True'.

  _metadata_df = pd.concat([_metadata_df, pd.DataFrame(columns=["segmented_clips_path", "segment_time_start", "segment_time_end", "ground_truth"])])

WARNING:py.warnings:clip_segmentation.py:82: FutureWarning: Sorting because non-concatenation axis is not aligned. A future version
of pandas will change to not sort by default.

To accept the future behavior, pass 'sort=False'.

To retain the current behavior and silence the warning, pass 'sort=True'.

  _metadata_df = pd.concat([_metadata_df, pd.DataFrame(columns=["segmented_clips_path", "segment_time_start", "segment_time_end", "ground_truth"])])

WARNING:py.warnings:clip_segmentation.py:84: FutureWarning: Sorting because non-concatenation axis is not aligned. A future version
of pandas will change to not sort by default.

To accept the future behavior, pass 'sort=False'.

To retain the current behavior and silence the warning, pass 'sort=True'.

  _metadata_df = pd.concat([_metadata_df, pd.DataFrame(columns=["segmented_clips_path", "segment_time_start", "segment_time_end", "ground_truth"])])

WARNING:py.warnings:clip_segmentation.py:84: FutureWarning: Sorting because non-concatenation axis is not aligned. A future version
of pandas will change to not sort by default.

To accept the future behavior, pass 'sort=False'.

To retain the current behavior and silence the warning, pass 'sort=True'.

  _metadata_df = pd.concat([_metadata_df, pd.DataFrame(columns=["segmented_clips_path", "segment_time_start", "segment_time_end", "ground_truth"])])

DEBUG:parso.cache:pickle loaded: /home/johan/.pyenv/versions/3.6.3/lib/python3.6/site-packages/pandas/core/frame.py
WARNING:py.warnings:clip_segmentation.py:84: FutureWarning: Sorting because non-concatenation axis is not aligned. A future version
of pandas will change to not sort by default.

To accept the future behavior, pass 'sort=False'.

To retain the current behavior and silence the warning, pass 'sort=True'.

  _metadata_df = pd.concat([_metadata_df, pd.DataFrame(columns=["segmented_clips_path", "segment_time_start", "segment_time_end", "ground_truth"])])

WARNING:py.warnings:clip_segmentation.py:84: FutureWarning: Sorting because non-concatenation axis is not aligned. A future version
of pandas will change to not sort by default.

To accept the future behavior, pass 'sort=False'.

To retain the current behavior and silence the warning, pass 'sort=True'.

  _metadata_df = pd.concat([_metadata_df, pd.DataFrame(columns=["segmented_clips_path", "segment_time_start", "segment_time_end", "ground_truth"])])

WARNING:py.warnings:clip_segmentation.py:84: FutureWarning: Sorting because non-concatenation axis is not aligned. A future version
of pandas will change to not sort by default.

To accept the future behavior, pass 'sort=False'.

To retain the current behavior and silence the warning, pass 'sort=True'.

  _metadata_df = pd.concat([_metadata_df, pd.DataFrame(columns=["segmented_clips_path", "segment_time_start", "segment_time_end", "ground_truth"])])

WARNING:py.warnings:clip_segmentation.py:84: FutureWarning: Sorting because non-concatenation axis is not aligned. A future version
of pandas will change to not sort by default.

To accept the future behavior, pass 'sort=False'.

To retain the current behavior and silence the warning, pass 'sort=True'.

  _metadata_df = pd.concat([_metadata_df, pd.DataFrame(columns=["segmented_clips_path", "segment_time_start", "segment_time_end", "ground_truth"])])

WARNING:py.warnings:clip_segmentation.py:84: FutureWarning: Sorting because non-concatenation axis is not aligned. A future version
of pandas will change to not sort by default.

To accept the future behavior, pass 'sort=False'.

To retain the current behavior and silence the warning, pass 'sort=True'.

  _metadata_df = pd.concat([_metadata_df, pd.DataFrame(columns=["segmented_clips_path", "segment_time_start", "segment_time_end", "ground_truth"])])

WARNING:py.warnings:clip_segmentation.py:82: FutureWarning: Sorting because non-concatenation axis is not aligned. A future version
of pandas will change to not sort by default.

To accept the future behavior, pass 'sort=False'.

To retain the current behavior and silence the warning, pass 'sort=True'.

  _metadata_df = pd.concat([_metadata_df, pd.DataFrame(columns=["segmented_clips_path", "segment_time_start", "segment_time_end", "ground_truth"])])

WARNING:py.warnings:clip_segmentation.py:82: FutureWarning: Sorting because non-concatenation axis is not aligned. A future version
of pandas will change to not sort by default.

To accept the future behavior, pass 'sort=False'.

To retain the current behavior and silence the warning, pass 'sort=True'.

  _metadata_df = pd.concat([_metadata_df, pd.DataFrame(columns=["segmented_clips_path", "segment_time_start", "segment_time_end", "ground_truth"])])

WARNING:py.warnings:clip_segmentation.py:76: FutureWarning: Sorting because non-concatenation axis is not aligned. A future version
of pandas will change to not sort by default.

To accept the future behavior, pass 'sort=False'.

To retain the current behavior and silence the warning, pass 'sort=True'.

  _metadata_df = pd.concat([_metadata_df, pd.DataFrame(columns=["segmented_clips_path", "segment_time_start", "segment_time_end", "ground_truth"])])

INFO:root:Writing segment metadata file: /home/johan/Desktop/johan/tmp/multimedia/metadata.csv/segment_metadata.csv
WARNING:py.warnings:clip_segmentation.py:76: FutureWarning: Sorting because non-concatenation axis is not aligned. A future version
of pandas will change to not sort by default.

To accept the future behavior, pass 'sort=False'.

To retain the current behavior and silence the warning, pass 'sort=True'.

  _metadata_df = pd.concat([_metadata_df, pd.DataFrame(columns=["segmented_clips_path", "segment_time_start", "segment_time_end", "ground_truth"])])

INFO:root:Writing segment metadata file: /home/johan/Desktop/johan/tmp/multimedia/subclips/segment_metadata.csv
WARNING:py.warnings:clip_segmentation.py:76: FutureWarning: Sorting because non-concatenation axis is not aligned. A future version
of pandas will change to not sort by default.

To accept the future behavior, pass 'sort=False'.

To retain the current behavior and silence the warning, pass 'sort=True'.

  _metadata_df = pd.concat([_metadata_df, pd.DataFrame(columns=["segmented_clips_path", "segment_time_start", "segment_time_end", "ground_truth"])])

INFO:root:Writing segment metadata file: /home/johan/Desktop/johan/tmp/multimedia/subclips/segment_metadata.csv
DEBUG:parso.cache:pickle loaded: /home/johan/.pyenv/versions/3.6.3/lib/python3.6/site-packages/pandas/core/frame.py
DEBUG:parso.cache:pickle loaded: /home/johan/.pyenv/versions/3.6.3/lib/python3.6/site-packages/pandas/core/ops.py
DEBUG:parso.cache:pickle loaded: /home/johan/.pyenv/versions/3.6.3/lib/python3.6/site-packages/pandas/core/generic.py
DEBUG:parso.cache:pickle loaded: /home/johan/.pyenv/versions/3.6.3/lib/python3.6/site-packages/pandas/util/_decorators.py
DEBUG:parso.python.diff:diff parser start
DEBUG:parso.python.diff:line_lengths old: 1; new: 1
DEBUG:parso.python.diff:-> code[replace] old[1:1] new[1:1]
DEBUG:parso.python.diff:parse_part from 1 to 1 (to 0 in part parser)
DEBUG:parso.python.diff:diff parser end
DEBUG:parso.python.diff:diff parser start
DEBUG:parso.python.diff:line_lengths old: 1; new: 1
DEBUG:parso.python.diff:-> code[replace] old[1:1] new[1:1]
DEBUG:parso.python.diff:parse_part from 1 to 1 (to 0 in part parser)
DEBUG:parso.python.diff:diff parser end
WARNING:py.warnings:clip_segmentation.py:76: FutureWarning: Sorting because non-concatenation axis is not aligned. A future version
of pandas will change to not sort by default.

To accept the future behavior, pass 'sort=False'.

To retain the current behavior and silence the warning, pass 'sort=True'.

  _metadata_df = pd.concat([_metadata_df, pd.DataFrame(columns=["segmented_clips_path", "segment_time_start", "segment_time_end", "ground_truth"])])

INFO:root:Writing segment metadata file: /home/johan/Desktop/johan/tmp/multimedia/subclips/segment_metadata.csv
WARNING:py.warnings:clip_segmentation.py:76: FutureWarning: Sorting because non-concatenation axis is not aligned. A future version
of pandas will change to not sort by default.

To accept the future behavior, pass 'sort=False'.

To retain the current behavior and silence the warning, pass 'sort=True'.

  _metadata_df = pd.concat([_metadata_df, pd.DataFrame(columns=["segmented_clips_path", "segment_time_start", "segment_time_end", "ground_truth"])])

INFO:root:Writing segment metadata file: /home/johan/Desktop/johan/tmp/multimedia/subclips/segment_metadata.csv
WARNING:py.warnings:clip_segmentation.py:76: FutureWarning: Sorting because non-concatenation axis is not aligned. A future version
of pandas will change to not sort by default.

To accept the future behavior, pass 'sort=False'.

To retain the current behavior and silence the warning, pass 'sort=True'.

  _metadata_df = pd.concat([_metadata_df, pd.DataFrame(columns=["segmented_clips_path", "segment_time_start", "segment_time_end", "ground_truth"])])

INFO:root:Writing segment metadata file: /home/johan/Desktop/johan/tmp/multimedia/subclips/segment_metadata.csv
WARNING:py.warnings:clip_segmentation.py:76: FutureWarning: Sorting because non-concatenation axis is not aligned. A future version
of pandas will change to not sort by default.

To accept the future behavior, pass 'sort=False'.

To retain the current behavior and silence the warning, pass 'sort=True'.

  _metadata_df = pd.concat([_metadata_df, pd.DataFrame(columns=["segmented_clips_path", "segment_time_start", "segment_time_end", "ground_truth"])])

INFO:root:Writing segment metadata file: /home/johan/Desktop/johan/tmp/multimedia/subclips/segment_metadata.csv
DEBUG:parso.cache:pickle loaded: /home/johan/.pyenv/versions/3.6.3/lib/python3.6/site-packages/pandas/core/frame.py
WARNING:py.warnings:clip_segmentation.py:76: FutureWarning: Sorting because non-concatenation axis is not aligned. A future version
of pandas will change to not sort by default.

To accept the future behavior, pass 'sort=False'.

To retain the current behavior and silence the warning, pass 'sort=True'.

  _metadata_df = pd.concat([_metadata_df, pd.DataFrame(columns=["segmented_clips_path", "segment_time_start", "segment_time_end", "ground_truth"])])

INFO:root:Writing segment metadata file: /home/johan/Desktop/johan/tmp/multimedia/subclips/segment_metadata.csv
WARNING:py.warnings:clip_segmentation.py:76: FutureWarning: Sorting because non-concatenation axis is not aligned. A future version
of pandas will change to not sort by default.

To accept the future behavior, pass 'sort=False'.

To retain the current behavior and silence the warning, pass 'sort=True'.

  _metadata_df = pd.concat([_metadata_df, pd.DataFrame(columns=["segmented_clips_path", "segment_time_start", "segment_time_end", "ground_truth"])])

INFO:root:Writing segment metadata file: /home/johan/Desktop/johan/tmp/multimedia/subclips/segment_metadata.csv
WARNING:py.warnings:clip_segmentation.py:76: FutureWarning: Sorting because non-concatenation axis is not aligned. A future version
of pandas will change to not sort by default.

To accept the future behavior, pass 'sort=False'.

To retain the current behavior and silence the warning, pass 'sort=True'.

  _metadata_df = pd.concat([_metadata_df, pd.DataFrame(columns=["segmented_clips_path", "segment_time_start", "segment_time_end", "ground_truth"])])

INFO:root:Writing segment metadata file: /home/johan/Desktop/johan/tmp/multimedia/subclips/segment_metadata.csv
WARNING:py.warnings:clip_segmentation.py:76: FutureWarning: Sorting because non-concatenation axis is not aligned. A future version
of pandas will change to not sort by default.

To accept the future behavior, pass 'sort=False'.

To retain the current behavior and silence the warning, pass 'sort=True'.

  _metadata_df = pd.concat([_metadata_df, pd.DataFrame(columns=["segmented_clips_path", "segment_time_start", "segment_time_end", "ground_truth"])])

INFO:root:Writing segment metadata file: /home/johan/Desktop/johan/tmp/multimedia/subclips/segment_metadata.csv
WARNING:py.warnings:clip_segmentation.py:76: FutureWarning: Sorting because non-concatenation axis is not aligned. A future version
of pandas will change to not sort by default.

To accept the future behavior, pass 'sort=False'.

To retain the current behavior and silence the warning, pass 'sort=True'.

  _metadata_df = pd.concat([_metadata_df, pd.DataFrame(columns=["segmented_clips_path", "segment_time_start", "segment_time_end", "ground_truth"])])

INFO:root:Writing segment metadata file: /home/johan/Desktop/johan/tmp/multimedia/subclips/segment_metadata.csv
WARNING:py.warnings:clip_segmentation.py:76: FutureWarning: Sorting because non-concatenation axis is not aligned. A future version
of pandas will change to not sort by default.

To accept the future behavior, pass 'sort=False'.

To retain the current behavior and silence the warning, pass 'sort=True'.

  _metadata_df = pd.concat([_metadata_df, pd.DataFrame(columns=["segmented_clips_path", "segment_time_start", "segment_time_end", "ground_truth"])])

INFO:root:Writing segment metadata file: /home/johan/Desktop/johan/tmp/multimedia/subclips/segment_metadata.csv
WARNING:py.warnings:clip_segmentation.py:76: FutureWarning: Sorting because non-concatenation axis is not aligned. A future version
of pandas will change to not sort by default.

To accept the future behavior, pass 'sort=False'.

To retain the current behavior and silence the warning, pass 'sort=True'.

  _metadata_df = pd.concat([_metadata_df, pd.DataFrame(columns=["segmented_clips_path", "segment_time_start", "segment_time_end", "ground_truth"])])

INFO:root:Writing segment metadata file: /home/johan/Desktop/johan/tmp/multimedia/subclips/segment_metadata.csv
WARNING:py.warnings:clip_segmentation.py:76: FutureWarning: Sorting because non-concatenation axis is not aligned. A future version
of pandas will change to not sort by default.

To accept the future behavior, pass 'sort=False'.

To retain the current behavior and silence the warning, pass 'sort=True'.

  _metadata_df = pd.concat([_metadata_df, pd.DataFrame(columns=["segmented_clips_path", "segment_time_start", "segment_time_end", "ground_truth"])])

INFO:root:Writing segment metadata file: /home/johan/Desktop/johan/tmp/multimedia/subclips/segment_metadata.csv
INFO:root:PID 23573 - Write to /home/johan/Desktop/johan/tmp/multimedia/subclips/Belly_dance/6sMtNg8jSvA_0.mp4
INFO:root:PID 23573 - Write to /home/johan/Desktop/johan/tmp/multimedia/subclips/Belly_dance/6sMtNg8jSvA_1.mp4
INFO:root:PID 23573 - Write to /home/johan/Desktop/johan/tmp/multimedia/subclips/Belly_dance/6sMtNg8jSvA_2.mp4
WARNING:py.warnings:clip_segmentation.py:76: FutureWarning: Sorting because non-concatenation axis is not aligned. A future version
of pandas will change to not sort by default.

To accept the future behavior, pass 'sort=False'.

To retain the current behavior and silence the warning, pass 'sort=True'.

  _metadata_df = pd.concat([_metadata_df, pd.DataFrame(columns=["segmented_clips_path", "segment_time_start", "segment_time_end", "ground_truth"])])

INFO:root:Writing segment metadata file: /home/johan/Desktop/johan/tmp/multimedia/subclips/segment_metadata.csv
WARNING:py.warnings:clip_segmentation.py:76: FutureWarning: Sorting because non-concatenation axis is not aligned. A future version
of pandas will change to not sort by default.

To accept the future behavior, pass 'sort=False'.

To retain the current behavior and silence the warning, pass 'sort=True'.

  _metadata_df = pd.concat([_metadata_df, pd.DataFrame(columns=["segmented_clips_path", "segment_time_start", "segment_time_end", "ground_truth"])])

INFO:root:Writing segment metadata file: /home/johan/Desktop/johan/tmp/multimedia/subclips/segment_metadata.csv
WARNING:py.warnings:clip_segmentation.py:76: FutureWarning: Sorting because non-concatenation axis is not aligned. A future version
of pandas will change to not sort by default.

To accept the future behavior, pass 'sort=False'.

To retain the current behavior and silence the warning, pass 'sort=True'.

  _metadata_df = pd.concat([_metadata_df, pd.DataFrame(columns=["segmented_clips_path", "segment_time_start", "segment_time_end", "ground_truth"])])

INFO:root:Writing segment metadata file: /home/johan/Desktop/johan/tmp/multimedia/subclips/segment_metadata.csv
WARNING:py.warnings:clip_segmentation.py:76: FutureWarning: Sorting because non-concatenation axis is not aligned. A future version
of pandas will change to not sort by default.

To accept the future behavior, pass 'sort=False'.

To retain the current behavior and silence the warning, pass 'sort=True'.

  _metadata_df = pd.concat([_metadata_df, pd.DataFrame(columns=["segmented_clips_path", "segment_time_start", "segment_time_end", "ground_truth"])])

INFO:root:Writing segment metadata file: /home/johan/Desktop/johan/tmp/multimedia/subclips/segment_metadata.csv
WARNING:py.warnings:clip_segmentation.py:76: FutureWarning: Sorting because non-concatenation axis is not aligned. A future version
of pandas will change to not sort by default.

To accept the future behavior, pass 'sort=False'.

To retain the current behavior and silence the warning, pass 'sort=True'.

  _metadata_df = pd.concat([_metadata_df, pd.DataFrame(columns=["segmented_clips_path", "segment_time_start", "segment_time_end", "ground_truth"])])

INFO:root:Writing segment metadata file: /home/johan/Desktop/johan/tmp/multimedia/subclips/segment_metadata.csv
WARNING:py.warnings:clip_segmentation.py:76: FutureWarning: Sorting because non-concatenation axis is not aligned. A future version
of pandas will change to not sort by default.

To accept the future behavior, pass 'sort=False'.

To retain the current behavior and silence the warning, pass 'sort=True'.

  _metadata_df = pd.concat([_metadata_df, pd.DataFrame(columns=["segmented_clips_path", "segment_time_start", "segment_time_end", "ground_truth"])])

INFO:root:Writing segment metadata file: /home/johan/Desktop/johan/tmp/multimedia/subclips/segment_metadata.csv
WARNING:py.warnings:clip_segmentation.py:76: FutureWarning: Sorting because non-concatenation axis is not aligned. A future version
of pandas will change to not sort by default.

To accept the future behavior, pass 'sort=False'.

To retain the current behavior and silence the warning, pass 'sort=True'.

  _metadata_df = pd.concat([_metadata_df, pd.DataFrame(columns=["segmented_clips_path", "segment_time_start", "segment_time_end", "ground_truth"])])

INFO:root:Writing segment metadata file: /home/johan/Desktop/johan/tmp/multimedia/subclips/segment_metadata.csv
WARNING:py.warnings:clip_segmentation.py:77: FutureWarning: Sorting because non-concatenation axis is not aligned. A future version
of pandas will change to not sort by default.

To accept the future behavior, pass 'sort=False'.

To retain the current behavior and silence the warning, pass 'sort=True'.

  _metadata_df = pd.concat([_metadata_df, pd.DataFrame(columns=["segmented_clips_path", "segment_time_start", "segment_time_end", "ground_truth"])])

INFO:root:Writing segment metadata file: /home/johan/Desktop/johan/tmp/multimedia/subclips/segment_metadata.csv
WARNING:py.warnings:clip_segmentation.py:77: FutureWarning: Sorting because non-concatenation axis is not aligned. A future version
of pandas will change to not sort by default.

To accept the future behavior, pass 'sort=False'.

To retain the current behavior and silence the warning, pass 'sort=True'.

  _metadata_df = pd.concat([_metadata_df, pd.DataFrame(columns=["segmented_clips_path", "segment_time_start", "segment_time_end", "ground_truth"])])

INFO:root:Writing segment metadata file: /home/johan/Desktop/johan/tmp/multimedia/subclips/segment_metadata.csv
WARNING:py.warnings:clip_segmentation.py:77: FutureWarning: Sorting because non-concatenation axis is not aligned. A future version
of pandas will change to not sort by default.

To accept the future behavior, pass 'sort=False'.

To retain the current behavior and silence the warning, pass 'sort=True'.

  _metadata_df = pd.concat([_metadata_df, pd.DataFrame(columns=["segmented_clips_path", "segment_time_start", "segment_time_end", "ground_truth"])])

INFO:root:Writing segment metadata file: /home/johan/Desktop/johan/tmp/multimedia/subclips/segment_metadata.csv
DEBUG:parso.cache:pickle loaded: /home/johan/.pyenv/versions/3.6.3/lib/python3.6/site-packages/numpy/__init__.py
DEBUG:parso.cache:pickle loaded: /home/johan/.pyenv/versions/3.6.3/lib/python3.6/site-packages/numpy/lib/shape_base.py
DEBUG:parso.cache:pickle loaded: /home/johan/.pyenv/versions/3.6.3/lib/python3.6/site-packages/pandas/core/frame.py
WARNING:py.warnings:clip_segmentation.py:77: FutureWarning: Sorting because non-concatenation axis is not aligned. A future version
of pandas will change to not sort by default.

To accept the future behavior, pass 'sort=False'.

To retain the current behavior and silence the warning, pass 'sort=True'.

  _metadata_df = pd.concat([_metadata_df, pd.DataFrame(columns=["segmented_clips_path", "segment_time_start", "segment_time_end", "ground_truth"])])

INFO:root:Writing segment metadata file: /home/johan/Desktop/johan/tmp/multimedia/subclips/segment_metadata.csv
INFO:root:PID 492 - Write to /home/johan/Desktop/johan/tmp/multimedia/subclips/Belly_dance/6sMtNg8jSvA_0.mp4
INFO:root:PID 493 - Write to /home/johan/Desktop/johan/tmp/multimedia/subclips/Belly_dance/6sMtNg8jSvA_1.mp4
INFO:root:PID 494 - Write to /home/johan/Desktop/johan/tmp/multimedia/subclips/Belly_dance/6sMtNg8jSvA_2.mp4
WARNING:py.warnings:clip_segmentation.py:77: FutureWarning: Sorting because non-concatenation axis is not aligned. A future version
of pandas will change to not sort by default.

To accept the future behavior, pass 'sort=False'.

To retain the current behavior and silence the warning, pass 'sort=True'.

  _metadata_df = pd.concat([_metadata_df, pd.DataFrame(columns=["segmented_clips_path", "segment_time_start", "segment_time_end", "ground_truth"])])

INFO:root:Writing segment metadata file: /home/johan/Desktop/johan/tmp/multimedia/subclips/segment_metadata.csv
INFO:root:PID 908 - Write to /home/johan/Desktop/johan/tmp/multimedia/subclips/Belly_dance/6sMtNg8jSvA_0.mp4
INFO:root:PID 910 - Write to /home/johan/Desktop/johan/tmp/multimedia/subclips/Belly_dance/6sMtNg8jSvA_2.mp4
INFO:root:PID 909 - Write to /home/johan/Desktop/johan/tmp/multimedia/subclips/Belly_dance/6sMtNg8jSvA_1.mp4
